2025-11-01 15:16:27 INFO  c.e.bookstore.BookHouseApplication - Starting BookHouseApplication using Java 1.8.0_452 on DESKTOP-GQBCUJ1 with PID 16248 (C:\Users\Dell\eclipse-workspace\BookHouse\target\classes started by Dell in C:\Users\Dell\eclipse-workspace\BookHouse)
2025-11-01 15:16:27 INFO  c.e.bookstore.BookHouseApplication - No active profile set, falling back to 1 default profile: "default"
2025-11-01 15:17:28 INFO  c.e.bookstore.BookHouseApplication - Starting BookHouseApplication using Java 1.8.0_452 on DESKTOP-GQBCUJ1 with PID 11032 (C:\Users\Dell\eclipse-workspace\BookHouse\target\classes started by Dell in C:\Users\Dell\eclipse-workspace\BookHouse)
2025-11-01 15:17:28 INFO  c.e.bookstore.BookHouseApplication - No active profile set, falling back to 1 default profile: "default"
2025-11-01 15:28:59 INFO  c.e.bookstore.BookHouseApplication - Starting BookHouseApplication using Java 1.8.0_452 on DESKTOP-GQBCUJ1 with PID 15956 (C:\Users\Dell\eclipse-workspace\BookHouse\target\classes started by Dell in C:\Users\Dell\eclipse-workspace\BookHouse)
2025-11-01 15:28:59 INFO  c.e.bookstore.BookHouseApplication - No active profile set, falling back to 1 default profile: "default"
2025-11-01 15:29:36 INFO  c.e.bookstore.BookHouseApplication - Starting BookHouseApplication using Java 1.8.0_452 on DESKTOP-GQBCUJ1 with PID 1408 (C:\Users\Dell\eclipse-workspace\BookHouse\target\classes started by Dell in C:\Users\Dell\eclipse-workspace\BookHouse)
2025-11-01 15:29:36 INFO  c.e.bookstore.BookHouseApplication - No active profile set, falling back to 1 default profile: "default"
2025-11-01 15:35:19 INFO  c.e.bookstore.BookHouseApplication - Starting BookHouseApplication using Java 1.8.0_452 on DESKTOP-GQBCUJ1 with PID 1236 (C:\Users\Dell\eclipse-workspace\BookHouse\target\classes started by Dell in C:\Users\Dell\eclipse-workspace\BookHouse)
2025-11-01 15:35:19 INFO  c.e.bookstore.BookHouseApplication - No active profile set, falling back to 1 default profile: "default"
2025-11-01 15:37:11 INFO  c.e.bookstore.BookHouseApplication - Starting BookHouseApplication using Java 1.8.0_452 on DESKTOP-GQBCUJ1 with PID 5984 (C:\Users\Dell\eclipse-workspace\BookHouse\target\classes started by Dell in C:\Users\Dell\eclipse-workspace\BookHouse)
2025-11-01 15:37:11 INFO  c.e.bookstore.BookHouseApplication - No active profile set, falling back to 1 default profile: "default"
2025-11-01 15:37:32 INFO  c.e.bookstore.BookHouseApplication - Starting BookHouseApplication using Java 1.8.0_452 on DESKTOP-GQBCUJ1 with PID 7252 (C:\Users\Dell\eclipse-workspace\BookHouse\target\classes started by Dell in C:\Users\Dell\eclipse-workspace\BookHouse)
2025-11-01 15:37:32 INFO  c.e.bookstore.BookHouseApplication - No active profile set, falling back to 1 default profile: "default"
2025-11-01 15:37:42 INFO  c.e.bookstore.BookHouseApplication - Started BookHouseApplication in 10.7 seconds (JVM running for 11.348)
2025-11-01 15:40:27 INFO  c.e.bookstore.BookHouseApplication - Starting BookHouseApplication using Java 1.8.0_452 on DESKTOP-GQBCUJ1 with PID 15848 (C:\Users\Dell\eclipse-workspace\BookHouse\target\classes started by Dell in C:\Users\Dell\eclipse-workspace\BookHouse)
2025-11-01 15:40:27 INFO  c.e.bookstore.BookHouseApplication - No active profile set, falling back to 1 default profile: "default"
2025-11-01 15:40:36 INFO  c.e.bookstore.BookHouseApplication - Started BookHouseApplication in 9.225 seconds (JVM running for 9.949)
2025-11-01 15:41:03 INFO  c.e.b.controller.BookController - The whole book is printing..[com.example.bookstore.entity.Book@129da9b9, com.example.bookstore.entity.Book@3bf506fd, com.example.bookstore.entity.Book@64cfcc5a, com.example.bookstore.entity.Book@14dcb7a8, com.example.bookstore.entity.Book@663bcf0b]
2025-11-01 15:41:25 INFO  c.e.b.controller.BookController - The whole book is printing..[com.example.bookstore.entity.Book@7d0e488, com.example.bookstore.entity.Book@7f383ce9, com.example.bookstore.entity.Book@6b0ae1d1, com.example.bookstore.entity.Book@297ae603, com.example.bookstore.entity.Book@298eb300]
2025-11-01 15:42:00 INFO  c.e.b.controller.BookController - The whole book is printing..[com.example.bookstore.entity.Book@1f686050, com.example.bookstore.entity.Book@33fa082a, com.example.bookstore.entity.Book@7f863ff4, com.example.bookstore.entity.Book@1d117cfa, com.example.bookstore.entity.Book@41a7e5e8]
2025-11-01 15:42:02 INFO  c.e.b.controller.BookController - The whole book is printing..[com.example.bookstore.entity.Book@53e7e25f, com.example.bookstore.entity.Book@62152111, com.example.bookstore.entity.Book@87d8a3, com.example.bookstore.entity.Book@5a4f506c, com.example.bookstore.entity.Book@3656a460]
2025-11-01 17:17:03 INFO  c.e.b.BookHouseApplicationTests - Starting BookHouseApplicationTests using Java 1.8.0_452 on DESKTOP-GQBCUJ1 with PID 9460 (started by Dell in C:\Users\Dell\eclipse-workspace\BookHouse)
2025-11-01 17:17:03 INFO  c.e.b.BookHouseApplicationTests - No active profile set, falling back to 1 default profile: "default"
